<?xml version="1.0" encoding="UTF-8" ?>
<testsuite failures="0" time="1.759" errors="0" skipped="0" tests="7" name="com.googlecode.gwt.test.gxt2.WindowTest">
  <properties>
[...]
</properties>
  <testcase time="0.137" classname="com.googlecode.gwt.test.gxt2.WindowTest" name="activate"/>
  <testcase time="0.123" classname="com.googlecode.gwt.test.gxt2.WindowTest" name="deactivate"/>
  <testcase time="0.182" classname="com.googlecode.gwt.test.gxt2.WindowTest" name="hide"/>
  <testcase time="0.599" classname="com.googlecode.gwt.test.gxt2.WindowTest" name="maximize"/>
  <testcase time="0.255" classname="com.googlecode.gwt.test.gxt2.WindowTest" name="minimize"/>
  <testcase time="0.242" classname="com.googlecode.gwt.test.gxt2.WindowTest" name="restore"/>
  <testcase time="0.212" classname="com.googlecode.gwt.test.gxt2.WindowTest" name="show"/>
</testsuite>